  test.cpp
E:\Code\CPP\string模拟实现a\string模拟实现a\string.h(18,3): error C3861: “swap”: 找不到标识符
E:\Code\CPP\string模拟实现a\string模拟实现a\string.h(23,4): error C3861: “wap”: 找不到标识符
